<?xml version="1.0" encoding="UTF-8"?>
<testng-results skipped="0" failed="0" ignored="0" total="1" passed="1">
  <reporter-output>
  </reporter-output>
  <suite name="Default suite" duration-ms="5455" started-at="2018-09-30T08:24:50Z" finished-at="2018-09-30T08:24:56Z">
    <groups>
    </groups>
    <test name="Default test" duration-ms="5455" started-at="2018-09-30T08:24:50Z" finished-at="2018-09-30T08:24:56Z">
      <class name="testcases.POSTservicetest">
        <test-method status="PASS" signature="setUp()[pri:0, instance:testcases.POSTservicetest@be83e4]" name="setUp" is-config="true" duration-ms="27" started-at="2018-09-30T08:24:50Z" finished-at="2018-09-30T08:24:50Z">
          <reporter-output>
          </reporter-output>
        </test-method> <!-- setUp -->
        <test-method status="PASS" signature="testPostServices()[pri:0, instance:testcases.POSTservicetest@be83e4]" name="testPostServices" duration-ms="5295" started-at="2018-09-30T08:24:50Z" finished-at="2018-09-30T08:24:56Z">
          <reporter-output>
          </reporter-output>
        </test-method> <!-- testPostServices -->
      </class> <!-- testcases.POSTservicetest -->
    </test> <!-- Default test -->
  </suite> <!-- Default suite -->
</testng-results>
